{"C:\\Users\\User\\OneDrive\\Рабочий стол\\ajsConteinerTestMap\\src\\errorRepository.js": {"path":"C:\\Users\\User\\OneDrive\\Рабочий стол\\ajsConteinerTestMap\\src\\errorRepository.js","statementMap":{"0":{"start":{"line":3,"column":6},"end":{"line":3,"column":30}},"1":{"start":{"line":4,"column":6},"end":{"line":4,"column":52}},"2":{"start":{"line":5,"column":6},"end":{"line":5,"column":40}},"3":{"start":{"line":6,"column":6},"end":{"line":6,"column":42}},"4":{"start":{"line":10,"column":6},"end":{"line":12,"column":7}},"5":{"start":{"line":11,"column":8},"end":{"line":11,"column":37}},"6":{"start":{"line":13,"column":6},"end":{"line":13,"column":29}}},"fnMap":{"0":{"name":"(anonymous_0)","decl":{"start":{"line":2,"column":4},"end":{"line":2,"column":5}},"loc":{"start":{"line":2,"column":18},"end":{"line":7,"column":5}},"line":2},"1":{"name":"(anonymous_1)","decl":{"start":{"line":9,"column":4},"end":{"line":9,"column":5}},"loc":{"start":{"line":9,"column":20},"end":{"line":14,"column":5}},"line":9}},"branchMap":{"0":{"loc":{"start":{"line":10,"column":6},"end":{"line":12,"column":7}},"type":"if","locations":[{"start":{"line":10,"column":6},"end":{"line":12,"column":7}},{"start":{},"end":{}}],"line":10}},"s":{"0":2,"1":2,"2":2,"3":2,"4":4,"5":3,"6":1},"f":{"0":2,"1":4},"b":{"0":[3,1]},"_coverageSchema":"1a1c01bbd47fc00a2c39e90264f33305004495a9","hash":"c764f7c07abef6c7537e9de54c656e2e7ce0d32e"}
}
